0 info it worked if it ends with ok
1 verbose cli [ 'D:\\Program Files\\nodejs\\node.exe',
1 verbose cli   'D:\\Program Files\\nodejs\\node_modules\\npm\\bin\\npm-cli.js',
1 verbose cli   'run',
1 verbose cli   'dev:tsc' ]
2 info using npm@3.10.10
3 info using node@v6.10.3
4 verbose run-script [ 'predev:tsc', 'dev:tsc', 'postdev:tsc' ]
5 info lifecycle ly-node-test-site@0.0.0~predev:tsc: ly-node-test-site@0.0.0
6 silly lifecycle ly-node-test-site@0.0.0~predev:tsc: no script for predev:tsc, continuing
7 info lifecycle ly-node-test-site@0.0.0~dev:tsc: ly-node-test-site@0.0.0
8 verbose lifecycle ly-node-test-site@0.0.0~dev:tsc: unsafe-perm in lifecycle true
9 verbose lifecycle ly-node-test-site@0.0.0~dev:tsc: PATH: D:\Program Files\nodejs\node_modules\npm\bin\node-gyp-bin;D:\work\nodejs\ly-node-test-site\node_modules\.bin;D:\work\nodejs\ly-node-test-site\node_modules\.bin;C:\Users\liuyang\AppData\Local\Yarn\config\link\node_modules\.bin;D:\work\nodejs\ly-node-test-site\node_modules\.bin;C:\Users\liuyang\AppData\Local\Yarn\config\link\node_modules\.bin;C:\Users\liuyang\AppData\Local\Yarn\bin;D:\Program Files\lib\node_modules\npm\bin\node-gyp-bin;D:\Program Files\nodejs\node_modules\npm\bin\node-gyp-bin;C:\Python27\;C:\Python27\Scripts;C:\Windows\system32;C:\Windows;C:\Windows\System32\Wbem;C:\Windows\System32\WindowsPowerShell\v1.0\;C:\Program Files (x86)\NVIDIA Corporation\PhysX\Common;C:\Program Files\Lenovo\Fingerprint Manager Pro\;C:\Windows\CCM;D:\Program Files\TortoiseGit\bin;D:\HashiCorp\Vagrant\bin;C:\ProgramData\chocolatey\bin;d:\Program Files (x86)\Lua\5.1;d:\Program Files (x86)\Lua\5.1\clibs;D:\MinGW\bin;D:\Program Files\nodejs\;C:\Program Files\dotnet\;D:\Program Files\RedHat\java-1.8.0-openjdk-1.8.0.144-1\bin;D:\php;d:\Program Files\Git\cmd;C:\Program Files\Java\jdk1.8.0_131\bin;D:\Program Files\PuTTY\;d:\Program Files (x86)\Microsoft VS Code\bin;D:\Program Files (x86)\cmder_mini;d:\LLVM\bin;D:\Python27;C:\Users\liuyang\AppData\Roaming\npm;D:\Android\sdk\tools;D:\Android\sdk\platform-tools;C:\Program Files (x86)\MSBuild\14.0\Bin;D:\php;D:\nginx-1.12.2;D:\Program Files\PuTTY;D:\Program Files\Fiddler
10 verbose lifecycle ly-node-test-site@0.0.0~dev:tsc: CWD: D:\work\nodejs\ly-node-test-site
11 silly lifecycle ly-node-test-site@0.0.0~dev:tsc: Args: [ '/d /s /c', 'tsc -w -p .' ]
12 silly lifecycle ly-node-test-site@0.0.0~dev:tsc: Returned: code: 1  signal: null
13 info lifecycle ly-node-test-site@0.0.0~dev:tsc: Failed to exec dev:tsc script
14 verbose stack Error: ly-node-test-site@0.0.0 dev:tsc: `tsc -w -p .`
14 verbose stack Exit status 1
14 verbose stack     at EventEmitter.<anonymous> (D:\Program Files\nodejs\node_modules\npm\lib\utils\lifecycle.js:255:16)
14 verbose stack     at emitTwo (events.js:106:13)
14 verbose stack     at EventEmitter.emit (events.js:191:7)
14 verbose stack     at ChildProcess.<anonymous> (D:\Program Files\nodejs\node_modules\npm\lib\utils\spawn.js:40:14)
14 verbose stack     at emitTwo (events.js:106:13)
14 verbose stack     at ChildProcess.emit (events.js:191:7)
14 verbose stack     at maybeClose (internal/child_process.js:886:16)
14 verbose stack     at Process.ChildProcess._handle.onexit (internal/child_process.js:226:5)
15 verbose pkgid ly-node-test-site@0.0.0
16 verbose cwd D:\work\nodejs\ly-node-test-site
17 error Windows_NT 6.1.7601
18 error argv "D:\\Program Files\\nodejs\\node.exe" "D:\\Program Files\\nodejs\\node_modules\\npm\\bin\\npm-cli.js" "run" "dev:tsc"
19 error node v6.10.3
20 error npm  v3.10.10
21 error code ELIFECYCLE
22 error ly-node-test-site@0.0.0 dev:tsc: `tsc -w -p .`
22 error Exit status 1
23 error Failed at the ly-node-test-site@0.0.0 dev:tsc script 'tsc -w -p .'.
23 error Make sure you have the latest version of node.js and npm installed.
23 error If you do, this is most likely a problem with the ly-node-test-site package,
23 error not with npm itself.
23 error Tell the author that this fails on your system:
23 error     tsc -w -p .
23 error You can get information on how to open an issue for this project with:
23 error     npm bugs ly-node-test-site
23 error Or if that isn't available, you can get their info via:
23 error     npm owner ls ly-node-test-site
23 error There is likely additional logging output above.
24 verbose exit [ 1, true ]
